2021-02-04 11:53:51 PS_GAMELOG__system log start (GameLog01)
Module list:
D:\ShaiyaServer\PSM_Client\Bin\ps_gameLog.exe, loaded at 0x00400000 - 10/10/18 16:33:52
2021-02-04 11:54:26 connect game
2021-02-04 15:25:54 1 1 SAgent::Disconnect: (4, 64)
2021-02-04 15:25:54 1 1 T=003:31:00:000, RC=1,RCS=0, RB=37,RBS=0, SC=0,SCS=0, SB=0,SBS=0
2021-02-04 15:25:54 disconnect game
2021-02-04 15:25:54 connect game
2021-02-04 15:25:54 1 1 SAgent::Disconnect: (4, 0)
2021-02-04 15:25:54 1 1 T=000:00:00:000, RC=0,RCS=0, RB=0,RBS=0, SC=0,SCS=0, SB=0,SBS=0
2021-02-04 15:25:54 disconnect game
2021-02-04 15:25:54 connect game
2021-02-05 12:13:38 1 1 SAgent::Disconnect: (4, 64)
2021-02-05 12:13:38 1 1 T=020:47:00:000, RC=210,RCS=0, RB=873,RBS=0, SC=209,SCS=0, SB=836,SBS=0
2021-02-05 12:13:38 disconnect game
2021-02-05 12:13:38 connect game
2021-02-05 12:13:38 1 1 SAgent::Disconnect: (4, 0)
2021-02-05 12:13:38 1 1 T=000:00:00:000, RC=0,RCS=0, RB=0,RBS=0, SC=0,SCS=0, SB=0,SBS=0
2021-02-05 12:13:38 disconnect game
2021-02-05 12:13:38 connect game
